<?xml version="1.0" encoding="UTF-8"?>
<!-- Generated by org.testng.reporters.JUnitReportReporter -->
<testsuite hostname="LAPTOP-UG5S8S2B" failures="0" tests="1" name="udemymaven.RESTAPITest" time="0.026" errors="0" timestamp="2021-02-05T12:02:34 IST" skipped="0">
  <testcase classname="udemymaven.RESTAPITest" name="NativeApp" time="0.026"/>
  <system-out/>
</testsuite> <!-- udemymaven.RESTAPITest -->
