<?xml version="1.0" encoding="UTF-8"?>
<!-- Generated by org.testng.reporters.JUnitReportReporter -->
<testsuite hostname="LAPTOP-UG5S8S2B" failures="0" tests="3" name="udemymaven.AppiumTest" time="0.010" errors="0" timestamp="2021-02-11T09:17:15 IST" skipped="0">
  <testcase classname="udemymaven.AppiumTest" name="IosApp" time="0.010"/>
  <system-out/>
  <testcase classname="udemymaven.AppiumTest" name="NativeApp" time="0.000"/>
  <system-out/>
  <testcase classname="udemymaven.AppiumTest" name="MobileLogin" time="0.000"/>
  <system-out/>
</testsuite> <!-- udemymaven.AppiumTest -->
