<?xml version="1.0" encoding="UTF-8"?>
<!-- Generated by org.testng.reporters.JUnitReportReporter -->
<testsuite hostname="LAPTOP-UG5S8S2B" failures="0" tests="2" name="udemymaven.RESTAPITest" time="0.000" errors="0" timestamp="2021-02-11T09:17:15 IST" skipped="0">
  <testcase classname="udemymaven.RESTAPITest" name="afterJira" time="0.000"/>
  <system-out/>
  <testcase classname="udemymaven.RESTAPITest" name="deleteCache" time="0.000"/>
  <system-out/>
</testsuite> <!-- udemymaven.RESTAPITest -->
